{"C:\\Users\\LENOVO\\Documents\\FSJS\\phase-2\\repeat_phase2\\Week_3\\day-1\\IP-HCK69\\server\\app.js": {"path":"C:\\Users\\LENOVO\\Documents\\FSJS\\phase-2\\repeat_phase2\\Week_3\\day-1\\IP-HCK69\\server\\app.js","statementMap":{"0":{"start":{"line":1,"column":0},"end":{"line":3,"column":1}},"1":{"start":{"line":2,"column":4},"end":{"line":2,"column":30}},"2":{"start":{"line":4,"column":16},"end":{"line":4,"column":34}},"3":{"start":{"line":5,"column":13},"end":{"line":5,"column":28}},"4":{"start":{"line":7,"column":15},"end":{"line":7,"column":35}},"5":{"start":{"line":8,"column":12},"end":{"line":8,"column":21}},"6":{"start":{"line":11,"column":0},"end":{"line":11,"column":48}},"7":{"start":{"line":12,"column":0},"end":{"line":12,"column":23}},"8":{"start":{"line":13,"column":0},"end":{"line":13,"column":15}},"9":{"start":{"line":15,"column":0},"end":{"line":15,"column":15}},"10":{"start":{"line":17,"column":0},"end":{"line":17,"column":20}}},"fnMap":{},"branchMap":{"0":{"loc":{"start":{"line":1,"column":0},"end":{"line":3,"column":1}},"type":"if","locations":[{"start":{"line":1,"column":0},"end":{"line":3,"column":1}},{"start":{},"end":{}}],"line":1}},"s":{"0":1,"1":1,"2":1,"3":1,"4":1,"5":1,"6":1,"7":1,"8":1,"9":1,"10":1},"f":{},"b":{"0":[1,0]},"_coverageSchema":"1a1c01bbd47fc00a2c39e90264f33305004495a9","hash":"a354f20730fc1d93e08a05347258bb806cd3d795"}
,"C:\\Users\\LENOVO\\Documents\\FSJS\\phase-2\\repeat_phase2\\Week_3\\day-1\\IP-HCK69\\server\\controllers\\letterController.js": {"path":"C:\\Users\\LENOVO\\Documents\\FSJS\\phase-2\\repeat_phase2\\Week_3\\day-1\\IP-HCK69\\server\\controllers\\letterController.js","statementMap":{"0":{"start":{"line":1,"column":32},"end":{"line":1,"column":52}},"1":{"start":{"line":5,"column":8},"end":{"line":22,"column":9}},"2":{"start":{"line":7,"column":12},"end":{"line":7,"column":37}},"3":{"start":{"line":8,"column":25},"end":{"line":15,"column":14}},"4":{"start":{"line":17,"column":12},"end":{"line":17,"column":30}},"5":{"start":{"line":18,"column":12},"end":{"line":18,"column":27}},"6":{"start":{"line":20,"column":12},"end":{"line":20,"column":31}},"7":{"start":{"line":21,"column":12},"end":{"line":21,"column":24}},"8":{"start":{"line":26,"column":8},"end":{"line":54,"column":9}},"9":{"start":{"line":27,"column":39},"end":{"line":27,"column":48}},"10":{"start":{"line":29,"column":12},"end":{"line":29,"column":36}},"11":{"start":{"line":30,"column":12},"end":{"line":30,"column":38}},"12":{"start":{"line":32,"column":32},"end":{"line":38,"column":20}},"13":{"start":{"line":41,"column":16},"end":{"line":43,"column":37}},"14":{"start":{"line":45,"column":26},"end":{"line":48,"column":14}},"15":{"start":{"line":50,"column":12},"end":{"line":50,"column":45}},"16":{"start":{"line":52,"column":12},"end":{"line":52,"column":31}},"17":{"start":{"line":53,"column":12},"end":{"line":53,"column":24}},"18":{"start":{"line":58,"column":8},"end":{"line":69,"column":9}},"19":{"start":{"line":59,"column":26},"end":{"line":59,"column":62}},"20":{"start":{"line":61,"column":12},"end":{"line":63,"column":13}},"21":{"start":{"line":62,"column":16},"end":{"line":62,"column":60}},"22":{"start":{"line":65,"column":12},"end":{"line":65,"column":40}},"23":{"start":{"line":67,"column":12},"end":{"line":67,"column":31}},"24":{"start":{"line":68,"column":12},"end":{"line":68,"column":24}},"25":{"start":{"line":174,"column":0},"end":{"line":174,"column":34}}},"fnMap":{"0":{"name":"(anonymous_0)","decl":{"start":{"line":4,"column":4},"end":{"line":4,"column":5}},"loc":{"start":{"line":4,"column":40},"end":{"line":23,"column":5}},"line":4},"1":{"name":"(anonymous_1)","decl":{"start":{"line":25,"column":4},"end":{"line":25,"column":5}},"loc":{"start":{"line":25,"column":38},"end":{"line":55,"column":5}},"line":25},"2":{"name":"(anonymous_2)","decl":{"start":{"line":57,"column":4},"end":{"line":57,"column":5}},"loc":{"start":{"line":57,"column":40},"end":{"line":70,"column":5}},"line":57}},"branchMap":{"0":{"loc":{"start":{"line":29,"column":21},"end":{"line":29,"column":35}},"type":"binary-expr","locations":[{"start":{"line":29,"column":21},"end":{"line":29,"column":27}},{"start":{"line":29,"column":31},"end":{"line":29,"column":35}}],"line":29},"1":{"loc":{"start":{"line":30,"column":23},"end":{"line":30,"column":37}},"type":"binary-expr","locations":[{"start":{"line":30,"column":23},"end":{"line":30,"column":31}},{"start":{"line":30,"column":35},"end":{"line":30,"column":37}}],"line":30},"2":{"loc":{"start":{"line":32,"column":32},"end":{"line":38,"column":20}},"type":"cond-expr","locations":[{"start":{"line":33,"column":18},"end":{"line":37,"column":17}},{"start":{"line":38,"column":18},"end":{"line":38,"column":20}}],"line":32},"3":{"loc":{"start":{"line":41,"column":16},"end":{"line":43,"column":37}},"type":"cond-expr","locations":[{"start":{"line":42,"column":22},"end":{"line":42,"column":39}},{"start":{"line":43,"column":22},"end":{"line":43,"column":37}}],"line":41},"4":{"loc":{"start":{"line":41,"column":16},"end":{"line":41,"column":56}},"type":"binary-expr","locations":[{"start":{"line":41,"column":16},"end":{"line":41,"column":34}},{"start":{"line":41,"column":38},"end":{"line":41,"column":56}}],"line":41},"5":{"loc":{"start":{"line":61,"column":12},"end":{"line":63,"column":13}},"type":"if","locations":[{"start":{"line":61,"column":12},"end":{"line":63,"column":13}},{"start":{},"end":{}}],"line":61}},"s":{"0":1,"1":0,"2":0,"3":0,"4":0,"5":0,"6":0,"7":0,"8":1,"9":1,"10":1,"11":1,"12":1,"13":1,"14":1,"15":1,"16":0,"17":0,"18":5,"19":5,"20":2,"21":1,"22":1,"23":4,"24":4,"25":1},"f":{"0":0,"1":1,"2":5},"b":{"0":[1,1],"1":[1,1],"2":[0,1],"3":[0,1],"4":[1,1],"5":[1,1]},"_coverageSchema":"1a1c01bbd47fc00a2c39e90264f33305004495a9","hash":"817efd83a24a6d4d0f8ceb3d2f9b9ec2aa27d4b6"}
,"C:\\Users\\LENOVO\\Documents\\FSJS\\phase-2\\repeat_phase2\\Week_3\\day-1\\IP-HCK69\\server\\controllers\\transactionController.js": {"path":"C:\\Users\\LENOVO\\Documents\\FSJS\\phase-2\\repeat_phase2\\Week_3\\day-1\\IP-HCK69\\server\\controllers\\transactionController.js","statementMap":{"0":{"start":{"line":1,"column":23},"end":{"line":1,"column":49}},"1":{"start":{"line":2,"column":32},"end":{"line":2,"column":52}},"2":{"start":{"line":6,"column":8},"end":{"line":55,"column":9}},"3":{"start":{"line":7,"column":27},"end":{"line":7,"column":37}},"4":{"start":{"line":9,"column":25},"end":{"line":9,"column":50}},"5":{"start":{"line":11,"column":27},"end":{"line":11,"column":35}},"6":{"start":{"line":13,"column":23},"end":{"line":17,"column":14}},"7":{"start":{"line":19,"column":28},"end":{"line":19,"column":52}},"8":{"start":{"line":21,"column":30},"end":{"line":21,"column":40}},"9":{"start":{"line":23,"column":30},"end":{"line":35,"column":13}},"10":{"start":{"line":37,"column":32},"end":{"line":37,"column":71}},"11":{"start":{"line":38,"column":12},"end":{"line":38,"column":37}},"12":{"start":{"line":39,"column":35},"end":{"line":39,"column":52}},"13":{"start":{"line":40,"column":12},"end":{"line":40,"column":42}},"14":{"start":{"line":42,"column":12},"end":{"line":49,"column":15}},"15":{"start":{"line":51,"column":12},"end":{"line":51,"column":84}},"16":{"start":{"line":53,"column":12},"end":{"line":53,"column":30}},"17":{"start":{"line":54,"column":12},"end":{"line":54,"column":24}},"18":{"start":{"line":59,"column":0},"end":{"line":59,"column":39}}},"fnMap":{"0":{"name":"(anonymous_0)","decl":{"start":{"line":5,"column":4},"end":{"line":5,"column":5}},"loc":{"start":{"line":5,"column":50},"end":{"line":56,"column":5}},"line":5}},"branchMap":{},"s":{"0":1,"1":1,"2":0,"3":0,"4":0,"5":0,"6":0,"7":0,"8":0,"9":0,"10":0,"11":0,"12":0,"13":0,"14":0,"15":0,"16":0,"17":0,"18":1},"f":{"0":0},"b":{},"_coverageSchema":"1a1c01bbd47fc00a2c39e90264f33305004495a9","hash":"77abacee68edb5b0aaba17bd3fdd9ae47e9b9cb7"}
,"C:\\Users\\LENOVO\\Documents\\FSJS\\phase-2\\repeat_phase2\\Week_3\\day-1\\IP-HCK69\\server\\controllers\\userController.js": {"path":"C:\\Users\\LENOVO\\Documents\\FSJS\\phase-2\\repeat_phase2\\Week_3\\day-1\\IP-HCK69\\server\\controllers\\userController.js","statementMap":{"0":{"start":{"line":1,"column":32},"end":{"line":1,"column":53}},"1":{"start":{"line":2,"column":17},"end":{"line":2,"column":37}},"2":{"start":{"line":3,"column":25},"end":{"line":3,"column":55}},"3":{"start":{"line":4,"column":28},"end":{"line":4,"column":46}},"4":{"start":{"line":8,"column":8},"end":{"line":29,"column":9}},"5":{"start":{"line":9,"column":50},"end":{"line":9,"column":58}},"6":{"start":{"line":11,"column":33},"end":{"line":13,"column":14}},"7":{"start":{"line":14,"column":12},"end":{"line":16,"column":13}},"8":{"start":{"line":15,"column":16},"end":{"line":15,"column":70}},"9":{"start":{"line":18,"column":28},"end":{"line":18,"column":76}},"10":{"start":{"line":20,"column":33},"end":{"line":24,"column":13}},"11":{"start":{"line":26,"column":12},"end":{"line":26,"column":54}},"12":{"start":{"line":28,"column":12},"end":{"line":28,"column":24}},"13":{"start":{"line":33,"column":8},"end":{"line":55,"column":9}},"14":{"start":{"line":34,"column":40},"end":{"line":34,"column":48}},"15":{"start":{"line":36,"column":25},"end":{"line":36,"column":65}},"16":{"start":{"line":37,"column":12},"end":{"line":39,"column":13}},"17":{"start":{"line":38,"column":16},"end":{"line":38,"column":71}},"18":{"start":{"line":41,"column":34},"end":{"line":41,"column":67}},"19":{"start":{"line":42,"column":12},"end":{"line":44,"column":13}},"20":{"start":{"line":43,"column":16},"end":{"line":43,"column":71}},"21":{"start":{"line":45,"column":32},"end":{"line":45,"column":77}},"22":{"start":{"line":47,"column":12},"end":{"line":52,"column":15}},"23":{"start":{"line":54,"column":12},"end":{"line":54,"column":24}},"24":{"start":{"line":59,"column":8},"end":{"line":90,"column":9}},"25":{"start":{"line":61,"column":31},"end":{"line":61,"column":55}},"26":{"start":{"line":62,"column":30},"end":{"line":65,"column":14}},"27":{"start":{"line":67,"column":36},"end":{"line":77,"column":14}},"28":{"start":{"line":79,"column":32},"end":{"line":79,"column":77}},"29":{"start":{"line":80,"column":12},"end":{"line":80,"column":63}},"30":{"start":{"line":81,"column":12},"end":{"line":86,"column":15}},"31":{"start":{"line":88,"column":12},"end":{"line":88,"column":31}},"32":{"start":{"line":89,"column":12},"end":{"line":89,"column":24}},"33":{"start":{"line":94,"column":0},"end":{"line":94,"column":32}}},"fnMap":{"0":{"name":"(anonymous_0)","decl":{"start":{"line":7,"column":4},"end":{"line":7,"column":5}},"loc":{"start":{"line":7,"column":42},"end":{"line":30,"column":5}},"line":7},"1":{"name":"(anonymous_1)","decl":{"start":{"line":32,"column":4},"end":{"line":32,"column":5}},"loc":{"start":{"line":32,"column":39},"end":{"line":56,"column":5}},"line":32},"2":{"name":"(anonymous_2)","decl":{"start":{"line":58,"column":4},"end":{"line":58,"column":5}},"loc":{"start":{"line":58,"column":45},"end":{"line":91,"column":5}},"line":58}},"branchMap":{"0":{"loc":{"start":{"line":14,"column":12},"end":{"line":16,"column":13}},"type":"if","locations":[{"start":{"line":14,"column":12},"end":{"line":16,"column":13}},{"start":{},"end":{}}],"line":14},"1":{"loc":{"start":{"line":37,"column":12},"end":{"line":39,"column":13}},"type":"if","locations":[{"start":{"line":37,"column":12},"end":{"line":39,"column":13}},{"start":{},"end":{}}],"line":37},"2":{"loc":{"start":{"line":42,"column":12},"end":{"line":44,"column":13}},"type":"if","locations":[{"start":{"line":42,"column":12},"end":{"line":44,"column":13}},{"start":{},"end":{}}],"line":42},"3":{"loc":{"start":{"line":83,"column":20},"end":{"line":83,"column":41}},"type":"binary-expr","locations":[{"start":{"line":83,"column":20},"end":{"line":83,"column":27}},{"start":{"line":83,"column":31},"end":{"line":83,"column":41}}],"line":83},"4":{"loc":{"start":{"line":84,"column":23},"end":{"line":84,"column":50}},"type":"binary-expr","locations":[{"start":{"line":84,"column":23},"end":{"line":84,"column":33}},{"start":{"line":84,"column":37},"end":{"line":84,"column":50}}],"line":84},"5":{"loc":{"start":{"line":85,"column":26},"end":{"line":85,"column":59}},"type":"binary-expr","locations":[{"start":{"line":85,"column":26},"end":{"line":85,"column":39}},{"start":{"line":85,"column":43},"end":{"line":85,"column":59}}],"line":85}},"s":{"0":1,"1":1,"2":1,"3":1,"4":2,"5":2,"6":2,"7":2,"8":2,"9":0,"10":0,"11":0,"12":2,"13":2,"14":2,"15":2,"16":2,"17":0,"18":2,"19":2,"20":1,"21":1,"22":1,"23":1,"24":0,"25":0,"26":0,"27":0,"28":0,"29":0,"30":0,"31":0,"32":0,"33":1},"f":{"0":2,"1":2,"2":0},"b":{"0":[2,0],"1":[0,2],"2":[1,1],"3":[0,0],"4":[0,0],"5":[0,0]},"_coverageSchema":"1a1c01bbd47fc00a2c39e90264f33305004495a9","hash":"ff5a8c401e08f6976345f14c66f01b7a86be0268"}
,"C:\\Users\\LENOVO\\Documents\\FSJS\\phase-2\\repeat_phase2\\Week_3\\day-1\\IP-HCK69\\server\\helpers\\index.js": {"path":"C:\\Users\\LENOVO\\Documents\\FSJS\\phase-2\\repeat_phase2\\Week_3\\day-1\\IP-HCK69\\server\\helpers\\index.js","statementMap":{"0":{"start":{"line":1,"column":15},"end":{"line":1,"column":32}},"1":{"start":{"line":2,"column":12},"end":{"line":2,"column":35}},"2":{"start":{"line":4,"column":20},"end":{"line":6,"column":1}},"3":{"start":{"line":5,"column":4},"end":{"line":5,"column":50}},"4":{"start":{"line":8,"column":18},"end":{"line":10,"column":1}},"5":{"start":{"line":9,"column":4},"end":{"line":9,"column":48}},"6":{"start":{"line":12,"column":16},"end":{"line":14,"column":1}},"7":{"start":{"line":13,"column":4},"end":{"line":13,"column":60}},"8":{"start":{"line":15,"column":17},"end":{"line":17,"column":1}},"9":{"start":{"line":16,"column":4},"end":{"line":16,"column":57}},"10":{"start":{"line":21,"column":0},"end":{"line":21,"column":62}}},"fnMap":{"0":{"name":"(anonymous_0)","decl":{"start":{"line":4,"column":20},"end":{"line":4,"column":21}},"loc":{"start":{"line":4,"column":33},"end":{"line":6,"column":1}},"line":4},"1":{"name":"(anonymous_1)","decl":{"start":{"line":8,"column":18},"end":{"line":8,"column":19}},"loc":{"start":{"line":8,"column":31},"end":{"line":10,"column":1}},"line":8},"2":{"name":"(anonymous_2)","decl":{"start":{"line":12,"column":16},"end":{"line":12,"column":17}},"loc":{"start":{"line":12,"column":30},"end":{"line":14,"column":1}},"line":12},"3":{"name":"(anonymous_3)","decl":{"start":{"line":15,"column":17},"end":{"line":15,"column":18}},"loc":{"start":{"line":15,"column":48},"end":{"line":17,"column":1}},"line":15}},"branchMap":{},"s":{"0":1,"1":1,"2":1,"3":0,"4":1,"5":1,"6":1,"7":1,"8":1,"9":2,"10":1},"f":{"0":0,"1":1,"2":1,"3":2},"b":{},"_coverageSchema":"1a1c01bbd47fc00a2c39e90264f33305004495a9","hash":"fbdbae5265e9707bcf87af185bb2729ca97ad03a"}
,"C:\\Users\\LENOVO\\Documents\\FSJS\\phase-2\\repeat_phase2\\Week_3\\day-1\\IP-HCK69\\server\\middlewares\\index.js": {"path":"C:\\Users\\LENOVO\\Documents\\FSJS\\phase-2\\repeat_phase2\\Week_3\\day-1\\IP-HCK69\\server\\middlewares\\index.js","statementMap":{"0":{"start":{"line":1,"column":24},"end":{"line":1,"column":45}},"1":{"start":{"line":2,"column":17},"end":{"line":2,"column":37}},"2":{"start":{"line":4,"column":21},"end":{"line":24,"column":1}},"3":{"start":{"line":5,"column":4},"end":{"line":23,"column":5}},"4":{"start":{"line":9,"column":12},"end":{"line":9,"column":69}},"5":{"start":{"line":10,"column":12},"end":{"line":10,"column":18}},"6":{"start":{"line":16,"column":12},"end":{"line":16,"column":61}},"7":{"start":{"line":17,"column":12},"end":{"line":17,"column":18}},"8":{"start":{"line":20,"column":12},"end":{"line":20,"column":29}},"9":{"start":{"line":21,"column":12},"end":{"line":21,"column":71}},"10":{"start":{"line":22,"column":12},"end":{"line":22,"column":18}},"11":{"start":{"line":26,"column":23},"end":{"line":42,"column":1}},"12":{"start":{"line":27,"column":4},"end":{"line":41,"column":5}},"13":{"start":{"line":28,"column":8},"end":{"line":28,"column":82}},"14":{"start":{"line":28,"column":40},"end":{"line":28,"column":82}},"15":{"start":{"line":30,"column":30},"end":{"line":30,"column":66}},"16":{"start":{"line":31,"column":8},"end":{"line":31,"column":73}},"17":{"start":{"line":31,"column":31},"end":{"line":31,"column":73}},"18":{"start":{"line":33,"column":24},"end":{"line":33,"column":42}},"19":{"start":{"line":34,"column":21},"end":{"line":34,"column":52}},"20":{"start":{"line":35,"column":8},"end":{"line":35,"column":61}},"21":{"start":{"line":35,"column":19},"end":{"line":35,"column":61}},"22":{"start":{"line":37,"column":8},"end":{"line":37,"column":24}},"23":{"start":{"line":38,"column":8},"end":{"line":38,"column":15}},"24":{"start":{"line":40,"column":8},"end":{"line":40,"column":20}},"25":{"start":{"line":44,"column":0},"end":{"line":44,"column":50}}},"fnMap":{"0":{"name":"(anonymous_0)","decl":{"start":{"line":4,"column":21},"end":{"line":4,"column":22}},"loc":{"start":{"line":4,"column":46},"end":{"line":24,"column":1}},"line":4},"1":{"name":"(anonymous_1)","decl":{"start":{"line":26,"column":23},"end":{"line":26,"column":24}},"loc":{"start":{"line":26,"column":49},"end":{"line":42,"column":1}},"line":26}},"branchMap":{"0":{"loc":{"start":{"line":5,"column":4},"end":{"line":23,"column":5}},"type":"switch","locations":[{"start":{"line":6,"column":8},"end":{"line":6,"column":46}},{"start":{"line":7,"column":8},"end":{"line":7,"column":40}},{"start":{"line":8,"column":8},"end":{"line":10,"column":18}},{"start":{"line":12,"column":8},"end":{"line":12,"column":28}},{"start":{"line":13,"column":8},"end":{"line":13,"column":30}},{"start":{"line":14,"column":8},"end":{"line":14,"column":40}},{"start":{"line":15,"column":8},"end":{"line":17,"column":18}},{"start":{"line":19,"column":8},"end":{"line":22,"column":18}}],"line":5},"1":{"loc":{"start":{"line":28,"column":8},"end":{"line":28,"column":82}},"type":"if","locations":[{"start":{"line":28,"column":8},"end":{"line":28,"column":82}},{"start":{},"end":{}}],"line":28},"2":{"loc":{"start":{"line":31,"column":8},"end":{"line":31,"column":73}},"type":"if","locations":[{"start":{"line":31,"column":8},"end":{"line":31,"column":73}},{"start":{},"end":{}}],"line":31},"3":{"loc":{"start":{"line":35,"column":8},"end":{"line":35,"column":61}},"type":"if","locations":[{"start":{"line":35,"column":8},"end":{"line":35,"column":61}},{"start":{},"end":{}}],"line":35}},"s":{"0":1,"1":1,"2":1,"3":7,"4":0,"5":0,"6":4,"7":4,"8":3,"9":3,"10":3,"11":1,"12":0,"13":0,"14":0,"15":0,"16":0,"17":0,"18":0,"19":0,"20":0,"21":0,"22":0,"23":0,"24":0,"25":1},"f":{"0":7,"1":0},"b":{"0":[0,0,0,0,1,3,4,3],"1":[0,0],"2":[0,0],"3":[0,0]},"_coverageSchema":"1a1c01bbd47fc00a2c39e90264f33305004495a9","hash":"43ea88a756d2682bfa65ecd3b3da8e4015bf8655"}
,"C:\\Users\\LENOVO\\Documents\\FSJS\\phase-2\\repeat_phase2\\Week_3\\day-1\\IP-HCK69\\server\\models\\index.js": {"path":"C:\\Users\\LENOVO\\Documents\\FSJS\\phase-2\\repeat_phase2\\Week_3\\day-1\\IP-HCK69\\server\\models\\index.js","statementMap":{"0":{"start":{"line":3,"column":11},"end":{"line":3,"column":24}},"1":{"start":{"line":4,"column":13},"end":{"line":4,"column":28}},"2":{"start":{"line":5,"column":18},"end":{"line":5,"column":38}},"3":{"start":{"line":6,"column":16},"end":{"line":6,"column":34}},"4":{"start":{"line":7,"column":17},"end":{"line":7,"column":42}},"5":{"start":{"line":8,"column":12},"end":{"line":8,"column":49}},"6":{"start":{"line":9,"column":15},"end":{"line":9,"column":65}},"7":{"start":{"line":10,"column":11},"end":{"line":10,"column":13}},"8":{"start":{"line":13,"column":0},"end":{"line":17,"column":1}},"9":{"start":{"line":14,"column":2},"end":{"line":14,"column":74}},"10":{"start":{"line":16,"column":2},"end":{"line":16,"column":87}},"11":{"start":{"line":19,"column":0},"end":{"line":32,"column":5}},"12":{"start":{"line":22,"column":4},"end":{"line":27,"column":6}},"13":{"start":{"line":30,"column":18},"end":{"line":30,"column":85}},"14":{"start":{"line":31,"column":4},"end":{"line":31,"column":27}},"15":{"start":{"line":34,"column":0},"end":{"line":38,"column":3}},"16":{"start":{"line":35,"column":2},"end":{"line":37,"column":3}},"17":{"start":{"line":36,"column":4},"end":{"line":36,"column":32}},"18":{"start":{"line":40,"column":0},"end":{"line":40,"column":25}},"19":{"start":{"line":41,"column":0},"end":{"line":41,"column":25}},"20":{"start":{"line":43,"column":0},"end":{"line":43,"column":20}}},"fnMap":{"0":{"name":"(anonymous_0)","decl":{"start":{"line":21,"column":10},"end":{"line":21,"column":11}},"loc":{"start":{"line":21,"column":18},"end":{"line":28,"column":3}},"line":21},"1":{"name":"(anonymous_1)","decl":{"start":{"line":29,"column":11},"end":{"line":29,"column":12}},"loc":{"start":{"line":29,"column":19},"end":{"line":32,"column":3}},"line":29},"2":{"name":"(anonymous_2)","decl":{"start":{"line":34,"column":24},"end":{"line":34,"column":25}},"loc":{"start":{"line":34,"column":37},"end":{"line":38,"column":1}},"line":34}},"branchMap":{"0":{"loc":{"start":{"line":8,"column":12},"end":{"line":8,"column":49}},"type":"binary-expr","locations":[{"start":{"line":8,"column":12},"end":{"line":8,"column":32}},{"start":{"line":8,"column":36},"end":{"line":8,"column":49}}],"line":8},"1":{"loc":{"start":{"line":13,"column":0},"end":{"line":17,"column":1}},"type":"if","locations":[{"start":{"line":13,"column":0},"end":{"line":17,"column":1}},{"start":{"line":15,"column":7},"end":{"line":17,"column":1}}],"line":13},"2":{"loc":{"start":{"line":23,"column":6},"end":{"line":26,"column":37}},"type":"binary-expr","locations":[{"start":{"line":23,"column":6},"end":{"line":23,"column":29}},{"start":{"line":24,"column":6},"end":{"line":24,"column":23}},{"start":{"line":25,"column":6},"end":{"line":25,"column":30}},{"start":{"line":26,"column":6},"end":{"line":26,"column":37}}],"line":23},"3":{"loc":{"start":{"line":35,"column":2},"end":{"line":37,"column":3}},"type":"if","locations":[{"start":{"line":35,"column":2},"end":{"line":37,"column":3}},{"start":{},"end":{}}],"line":35}},"s":{"0":1,"1":1,"2":1,"3":1,"4":1,"5":1,"6":1,"7":1,"8":1,"9":0,"10":1,"11":1,"12":4,"13":3,"14":3,"15":1,"16":3,"17":3,"18":1,"19":1,"20":1},"f":{"0":4,"1":3,"2":3},"b":{"0":[1,0],"1":[0,1],"2":[4,4,3,3],"3":[3,0]},"_coverageSchema":"1a1c01bbd47fc00a2c39e90264f33305004495a9","hash":"db664c1b5b415b994240a212b09ad906b51ccac1"}
,"C:\\Users\\LENOVO\\Documents\\FSJS\\phase-2\\repeat_phase2\\Week_3\\day-1\\IP-HCK69\\server\\models\\letter.js": {"path":"C:\\Users\\LENOVO\\Documents\\FSJS\\phase-2\\repeat_phase2\\Week_3\\day-1\\IP-HCK69\\server\\models\\letter.js","statementMap":{"0":{"start":{"line":4,"column":4},"end":{"line":4,"column":24}},"1":{"start":{"line":5,"column":0},"end":{"line":33,"column":2}},"2":{"start":{"line":14,"column":6},"end":{"line":14,"column":66}},"3":{"start":{"line":17,"column":2},"end":{"line":31,"column":5}},"4":{"start":{"line":32,"column":2},"end":{"line":32,"column":16}}},"fnMap":{"0":{"name":"(anonymous_0)","decl":{"start":{"line":5,"column":17},"end":{"line":5,"column":18}},"loc":{"start":{"line":5,"column":43},"end":{"line":33,"column":1}},"line":5},"1":{"name":"(anonymous_1)","decl":{"start":{"line":12,"column":4},"end":{"line":12,"column":5}},"loc":{"start":{"line":12,"column":29},"end":{"line":15,"column":5}},"line":12}},"branchMap":{},"s":{"0":1,"1":1,"2":1,"3":1,"4":1},"f":{"0":1,"1":1},"b":{},"_coverageSchema":"1a1c01bbd47fc00a2c39e90264f33305004495a9","hash":"279696da728c1c57f3dd01a463a14dbc1146a44a"}
,"C:\\Users\\LENOVO\\Documents\\FSJS\\phase-2\\repeat_phase2\\Week_3\\day-1\\IP-HCK69\\server\\models\\transaction.js": {"path":"C:\\Users\\LENOVO\\Documents\\FSJS\\phase-2\\repeat_phase2\\Week_3\\day-1\\IP-HCK69\\server\\models\\transaction.js","statementMap":{"0":{"start":{"line":4,"column":4},"end":{"line":4,"column":24}},"1":{"start":{"line":5,"column":0},"end":{"line":33,"column":2}},"2":{"start":{"line":13,"column":6},"end":{"line":13,"column":68}},"3":{"start":{"line":14,"column":6},"end":{"line":14,"column":67}},"4":{"start":{"line":17,"column":2},"end":{"line":31,"column":5}},"5":{"start":{"line":32,"column":2},"end":{"line":32,"column":21}}},"fnMap":{"0":{"name":"(anonymous_0)","decl":{"start":{"line":5,"column":17},"end":{"line":5,"column":18}},"loc":{"start":{"line":5,"column":43},"end":{"line":33,"column":1}},"line":5},"1":{"name":"(anonymous_1)","decl":{"start":{"line":12,"column":4},"end":{"line":12,"column":5}},"loc":{"start":{"line":12,"column":29},"end":{"line":15,"column":5}},"line":12}},"branchMap":{},"s":{"0":1,"1":1,"2":1,"3":1,"4":1,"5":1},"f":{"0":1,"1":1},"b":{},"_coverageSchema":"1a1c01bbd47fc00a2c39e90264f33305004495a9","hash":"a3060de33b7c04f5362dac44c506072404a9a443"}
,"C:\\Users\\LENOVO\\Documents\\FSJS\\phase-2\\repeat_phase2\\Week_3\\day-1\\IP-HCK69\\server\\models\\user.js": {"path":"C:\\Users\\LENOVO\\Documents\\FSJS\\phase-2\\repeat_phase2\\Week_3\\day-1\\IP-HCK69\\server\\models\\user.js","statementMap":{"0":{"start":{"line":2,"column":18},"end":{"line":2,"column":38}},"1":{"start":{"line":3,"column":20},"end":{"line":3,"column":41}},"2":{"start":{"line":4,"column":0},"end":{"line":42,"column":2}},"3":{"start":{"line":13,"column":6},"end":{"line":13,"column":65}},"4":{"start":{"line":16,"column":2},"end":{"line":40,"column":4}},"5":{"start":{"line":34,"column":10},"end":{"line":34,"column":49}},"6":{"start":{"line":41,"column":2},"end":{"line":41,"column":14}}},"fnMap":{"0":{"name":"(anonymous_0)","decl":{"start":{"line":4,"column":17},"end":{"line":4,"column":18}},"loc":{"start":{"line":4,"column":43},"end":{"line":42,"column":1}},"line":4},"1":{"name":"(anonymous_1)","decl":{"start":{"line":11,"column":4},"end":{"line":11,"column":5}},"loc":{"start":{"line":11,"column":29},"end":{"line":14,"column":5}},"line":11},"2":{"name":"(anonymous_2)","decl":{"start":{"line":33,"column":22},"end":{"line":33,"column":23}},"loc":{"start":{"line":33,"column":32},"end":{"line":35,"column":9}},"line":33}},"branchMap":{},"s":{"0":1,"1":1,"2":1,"3":1,"4":1,"5":1,"6":1},"f":{"0":1,"1":1,"2":1},"b":{},"_coverageSchema":"1a1c01bbd47fc00a2c39e90264f33305004495a9","hash":"79162d38a2cbe438e97aa2dffac7f25cb42ddc39"}
,"C:\\Users\\LENOVO\\Documents\\FSJS\\phase-2\\repeat_phase2\\Week_3\\day-1\\IP-HCK69\\server\\routers\\index.js": {"path":"C:\\Users\\LENOVO\\Documents\\FSJS\\phase-2\\repeat_phase2\\Week_3\\day-1\\IP-HCK69\\server\\routers\\index.js","statementMap":{"0":{"start":{"line":1,"column":16},"end":{"line":1,"column":34}},"1":{"start":{"line":2,"column":30},"end":{"line":2,"column":77}},"2":{"start":{"line":3,"column":23},"end":{"line":3,"column":65}},"3":{"start":{"line":4,"column":23},"end":{"line":4,"column":63}},"4":{"start":{"line":5,"column":41},"end":{"line":5,"column":66}},"5":{"start":{"line":7,"column":15},"end":{"line":7,"column":31}},"6":{"start":{"line":9,"column":0},"end":{"line":9,"column":36}},"7":{"start":{"line":10,"column":0},"end":{"line":10,"column":41}},"8":{"start":{"line":11,"column":0},"end":{"line":11,"column":58}},"9":{"start":{"line":12,"column":0},"end":{"line":12,"column":43}},"10":{"start":{"line":13,"column":0},"end":{"line":13,"column":49}},"11":{"start":{"line":14,"column":0},"end":{"line":14,"column":56}},"12":{"start":{"line":15,"column":0},"end":{"line":15,"column":82}},"13":{"start":{"line":23,"column":0},"end":{"line":23,"column":24}},"14":{"start":{"line":25,"column":0},"end":{"line":25,"column":23}}},"fnMap":{},"branchMap":{},"s":{"0":1,"1":1,"2":1,"3":1,"4":1,"5":1,"6":1,"7":1,"8":1,"9":1,"10":1,"11":1,"12":1,"13":1,"14":1},"f":{},"b":{},"_coverageSchema":"1a1c01bbd47fc00a2c39e90264f33305004495a9","hash":"6b407b99803e654e61ac8681c375eeb1fb28080b"}
}
